[debug] [2025-05-17T21:57:33.934Z] ----------------------------------------------------------------------
[debug] [2025-05-17T21:57:33.935Z] Command:       C:\Program Files\nodejs\node.exe C:\Program Files\nodejs\node_modules\firebase-tools\lib\bin\firebase.js deploy
[debug] [2025-05-17T21:57:33.936Z] CLI Version:   13.35.1
[debug] [2025-05-17T21:57:33.936Z] Platform:      win32
[debug] [2025-05-17T21:57:33.936Z] Node Version:  v18.19.0
[debug] [2025-05-17T21:57:33.937Z] Time:          Sat May 17 2025 23:57:33 GMT+0200 (South Africa Standard Time)
[debug] [2025-05-17T21:57:33.937Z] ----------------------------------------------------------------------
[debug] 
[debug] [2025-05-17T21:57:34.158Z] > command requires scopes: ["email","openid","https://www.googleapis.com/auth/cloudplatformprojects.readonly","https://www.googleapis.com/auth/firebase","https://www.googleapis.com/auth/cloud-platform"]
[debug] [2025-05-17T21:57:34.158Z] > authorizing via signed-in user (kgothatsotheko7@gmail.com)
[debug] [2025-05-17T21:57:34.159Z] [iam] checking project nineteen47onvilakazistreet for permissions ["firebase.projects.get","firebasehosting.sites.update"]
[debug] [2025-05-17T21:57:34.160Z] Checked if tokens are valid: true, expires at: 1747522418635
[debug] [2025-05-17T21:57:34.160Z] Checked if tokens are valid: true, expires at: 1747522418635
[debug] [2025-05-17T21:57:34.161Z] >>> [apiv2][query] POST https://cloudresourcemanager.googleapis.com/v1/projects/nineteen47onvilakazistreet:testIamPermissions [none]
[debug] [2025-05-17T21:57:34.161Z] >>> [apiv2][(partial)header] POST https://cloudresourcemanager.googleapis.com/v1/projects/nineteen47onvilakazistreet:testIamPermissions x-goog-quota-user=projects/nineteen47onvilakazistreet
[debug] [2025-05-17T21:57:34.161Z] >>> [apiv2][body] POST https://cloudresourcemanager.googleapis.com/v1/projects/nineteen47onvilakazistreet:testIamPermissions {"permissions":["firebase.projects.get","firebasehosting.sites.update"]}
[debug] [2025-05-17T21:57:36.037Z] <<< [apiv2][status] POST https://cloudresourcemanager.googleapis.com/v1/projects/nineteen47onvilakazistreet:testIamPermissions 200
[debug] [2025-05-17T21:57:36.038Z] <<< [apiv2][body] POST https://cloudresourcemanager.googleapis.com/v1/projects/nineteen47onvilakazistreet:testIamPermissions {"permissions":["firebase.projects.get","firebasehosting.sites.update"]}
[debug] [2025-05-17T21:57:36.039Z] Checked if tokens are valid: true, expires at: 1747522418635
[debug] [2025-05-17T21:57:36.039Z] Checked if tokens are valid: true, expires at: 1747522418635
[debug] [2025-05-17T21:57:36.040Z] >>> [apiv2][query] GET https://firebase.googleapis.com/v1beta1/projects/nineteen47onvilakazistreet [none]
[debug] [2025-05-17T21:57:36.700Z] <<< [apiv2][status] GET https://firebase.googleapis.com/v1beta1/projects/nineteen47onvilakazistreet 200
[debug] [2025-05-17T21:57:36.700Z] <<< [apiv2][body] GET https://firebase.googleapis.com/v1beta1/projects/nineteen47onvilakazistreet {"projectId":"nineteen47onvilakazistreet","projectNumber":"317631457480","displayName":"nineteen47OnVilakaziStreet","name":"projects/nineteen47onvilakazistreet","resources":{"hostingSite":"nineteen47onvilakazistreet"},"state":"ACTIVE","etag":"1_be24cfa5-c315-42d4-a47c-c55d7f50a8e2"}
[info] 
[info] === Deploying to 'nineteen47onvilakazistreet'...
[info] 
[info] i  deploying hosting 
[debug] [2025-05-17T21:57:36.707Z] Checked if tokens are valid: true, expires at: 1747522418635
[debug] [2025-05-17T21:57:36.707Z] Checked if tokens are valid: true, expires at: 1747522418635
[debug] [2025-05-17T21:57:36.707Z] >>> [apiv2][query] POST https://firebasehosting.googleapis.com/v1beta1/projects/-/sites/nineteen47onvilakazistreet/versions [none]
[debug] [2025-05-17T21:57:36.707Z] >>> [apiv2][body] POST https://firebasehosting.googleapis.com/v1beta1/projects/-/sites/nineteen47onvilakazistreet/versions {"status":"CREATED","labels":{"deployment-tool":"cli-firebase"}}
[debug] [2025-05-17T21:57:39.406Z] <<< [apiv2][status] POST https://firebasehosting.googleapis.com/v1beta1/projects/-/sites/nineteen47onvilakazistreet/versions 200
[debug] [2025-05-17T21:57:39.406Z] <<< [apiv2][body] POST https://firebasehosting.googleapis.com/v1beta1/projects/-/sites/nineteen47onvilakazistreet/versions {"name":"projects/317631457480/sites/nineteen47onvilakazistreet/versions/19ec37ff52227e8c","status":"CREATED","config":{},"labels":{"deployment-tool":"cli-firebase"}}
[info] i  hosting[nineteen47onvilakazistreet]: beginning deploy... 
[info] i  hosting[nineteen47onvilakazistreet]: found 51 files in dist/1947-on-vilakazi/browser 
[debug] [2025-05-17T21:57:39.434Z] [hosting] uploading with 200 concurrency
[debug] [2025-05-17T21:57:39.446Z] Checked if tokens are valid: true, expires at: 1747522418635
[debug] [2025-05-17T21:57:39.446Z] Checked if tokens are valid: true, expires at: 1747522418635
[debug] [2025-05-17T21:57:39.448Z] [hosting] hash cache [ZGlzdFwxOTQ3LW9uLXZpbGFrYXppXGJyb3dzZXI] stored for 51 files
[debug] [2025-05-17T21:57:39.448Z] [hosting][hash queue][FINAL] {"max":8,"min":0,"avg":0.0196078431372549,"active":0,"complete":51,"success":51,"errored":0,"retried":0,"total":51,"elapsed":12}
[debug] [2025-05-17T21:57:39.448Z] >>> [apiv2][query] POST https://firebasehosting.googleapis.com/v1beta1/projects/317631457480/sites/nineteen47onvilakazistreet/versions/19ec37ff52227e8c:populateFiles [none]
[debug] [2025-05-17T21:57:39.449Z] >>> [apiv2][body] POST https://firebasehosting.googleapis.com/v1beta1/projects/317631457480/sites/nineteen47onvilakazistreet/versions/19ec37ff52227e8c:populateFiles {"files":{"/styles-KLZ5KVUV.css":"a41ff00fbfe38dc81fcce1b7f9298a67e97e4124db14c953e365da953143102b","/polyfills-FFHMD2TL.js":"736494ba509ebe13a13ff57f0d4921ecfd9eb2ac4e8efe5d5fc1704b4b1d9b35","/main-OK73U7VE.js":"7de09dfe9c1146fe5cedbb5b5a3d4a322a4840b7a2df06c61f39165484874159","/index.html":"5447162addb498b96fc86da6e5abf756e0bcda6b4d8a5b67ba443cae4827a58b","/favicon.ico":"a905b13e228420df3dbe746dfb656d37a49736494c0737d00e007c8dc7319912","/chunk-IYD6U2K6.js":"7e9838e394637ca293d5d12ea36192eb98f43428b13b9e7bfa975fdb2c608098","/chunk-GWAC5OE2.js":"468c52b0425e594936d097789adc17a5190ebbaeee01dcc445a599dca15c634d","/media/DSC06100-CUYMRONJ.jpeg":"a75f307d6530cf42b36fe32e016244683bfb07b87fa9ed99e759e1f1356b760c","/assets/WhatsApp Video 2025-01-20 at 18.43.56_9c6153fa.mp4":"cc1c038500704fa81694e4bacd38eec4f5ff25c6f2e06ac9122fb69bfd4c57f7","/assets/tumis-table.jpeg":"2b6248834746f98d4952729559b4d21de660473b40fe1a95c5559dbc3b8cc8f1","/assets/tumis-table-3.jpeg":"fcac9b00b20f50fd709326192178342d6dfa226045d1699e458a29c2efdff3c5","/assets/tables.jpeg":"bacaf3455f2e870f4a9c18e184f705b9d4e432c402be079d5a95e161b0b84906","/assets/menu0.jpg":"60548eeef40ecbf694e7404f2b4066d52589297be3d9e4105145a0230c2c8841","/assets/menu-item-3.jpg":"eb9d1db951bb2f792c29c7acd906ad747d8cbd8f57f2ebcf4dd492b11b6e2c2b","/assets/menu-item-2.jpg":"3b9ce07bb931be70be65c818dbb7b4952fd0b02fd92ce090615a144cf2df2fcf","/assets/menu-item-1.jpg":"3fdca5216fa5aad3b2b441a3ed8295c5a501e20cd8bda5ccde1fb13c306a63db","/assets/map.png":"6f029cb7671da11154add49f0b0f72589c43a569396aea8b7770584193786672","/assets/logo.png":"16e4746f22ecfeea2b62b07f029b9436754fad4cb38727212857d9bf69359ad2","/assets/logo-removebg-preview (3).png":"22877b566be10f56d3ade7c817de05fba7dcd4fc327ec0f431f03e6a60755d4f","/assets/food5.jpg":"37f8cca24542f3e548a5f0108d965a2eabc8f5f81c0ae85403e404c64b26db1f","/assets/food4.jpg":"9879a9a657428e47c6a486ace40e0bba22b1ba631b4ea22e4b4d37853aa88e94","/assets/food3.jpg":"05d1741cacc1c19676da9f48dfacf466076a714213ff9019191a47f2146216a8","/assets/food2.jpg":"b03ce3487dcdc1bef32bd4b894fd335c9f1e9df0d5e22768877317fe3b42f05e","/assets/food1.jpg":"8fce14a6a3326f8155d596778b35cac8402227a59fc74467236a5344422f593d","/assets/food.jpg":"3371aea5094d7a4e6616d56c9f13eb2349f3c92d965c59a39de5d87cd1ee2d31","/assets/DSC06181.jpeg":"174ce8e2f7496b414068fd5b8a33c2ffa6f00572fdfae20044ed9ba5576dc73d","/assets/DSC06145.jpeg":"740c769eeaa06d302327e07e1e12c0150b0191e19117874ec46d36394c1dd2d8","/assets/DSC06142-Enhanced-NR.jpeg":"353453e78cc45d6452a0e0eb45c09ffe61d70ecbd00d1b2f601f28e564ce79c7","/assets/DSC06140-2.jpeg":"159bc65cfdbc25eb4d04342d77b0bff729f4b781ce29d17946880f97f3f45889","/assets/DSC06124.jpeg":"a49faebc39a54eae046e690c3831bdbc57382ae29bbe2d09bf790d526a161cd0","/assets/DSC06100.jpeg":"a75f307d6530cf42b36fe32e016244683bfb07b87fa9ed99e759e1f1356b760c","/assets/DSC06085-2.jpeg":"039ffbba7cad5cb4cf0da0c60a9462310136c1597861406d7436bee899073871","/assets/DSC06060.jpeg":"355e8cfd415da537b2c679afe0f85eaa1cbbd70a38046b7f82513a55b120cda6","/assets/DSC06010-2.jpeg":"def44dd0a09ce16ba3b136a34fa51a93e7d85333ba99cc242d32a5d883c248c8","/assets/DSC05997-2.jpeg":"4ad826b9420a27ce2b1407af7fcea0492aee966c2c82ac1966561969c0050683","/assets/drink-7.jpg":"86e23c1dea7b0adacf1d57ef58c8f22e0de600b86d1b70a5e685c65e71320ec6","/assets/drink-6.jpg":"b4e1b3a0ffb0cf35240a445509905174b83a6fd988d904ccc1e8f2321d84823a","/assets/drink-5.jpg":"05ca1a33250601d9a5104e801d744dc92a29f470af560d6e08d2d319113a5f2c","/assets/drink-4.jpg":"a1903b2e1a74fc66a0c324c0d22c6043919a66f3572fa423df19812721333f0f","/assets/drink-3.jpg":"ba6703cdf9c908605abd91a3b3a6aafc9e45cba95f61d183e4b240a813d010a2","/assets/drink-2.jpg":"0b71847863e73c58536037c5468258b9c408f6c5d0c0b88852b33df2310d445e","/assets/drink-1.jpg":"07c750380e2dbabe950d0e5e1bac9823daa27ffdf76c6eee6396f034ae599ef3","/assets/background.png":"805a790edbff18efb7ea61ce47b8ad4d17185c1a0b0773a2abef27945715361d","/assets/1947-VILAKAZI-STREET.JPG":"12a40f60bd771420d55b09a8bfa591a22df7fd9d416c67ff8425bc0c770ec981","/assets/1947-VILAKAZI-STREET-66.JPG":"ca6ce08fc172f56eef04e5b551e2b44e00bb4efee69fb6550db7e40c5b5defb8","/assets/1947-VILAKAZI-STREET-58.JPG":"b613a2b4f6dc9d2dfb7576241116694925fb4c378b10390ad9fee06e7da03314","/assets/1947-VILAKAZI-STREET-55.JPG":"dc139ce077eb2a4a813f96459488308f4fd413f2a47615598cb0e7063eae62ef","/assets/1947-VILAKAZI-STREET-53.JPG":"335ca8e5000bc3be078091f8dac3d24ca4da7487609e8d9580c1b7e8730ac4c0","/assets/1947-VILAKAZI-STREET-37.JPG":"9d88e19a1bd33aa7205fa4ffb57610b1da4d503740fc84f4a9c36335f09a5c74","/assets/1947-VILAKAZI-STREET-24.JPG":"b35c4d68bb2b9095046daa8790dfd415f7fb27b65b06ebe8ad03e95eca82d83b","/assets/1947-VILAKAZI-STREET-23.JPG":"6a8a8db8f203891479142a4e396df877fda1f45274fbcae15d1b4c58ce281961"}}
[debug] [2025-05-17T21:57:41.577Z] <<< [apiv2][status] POST https://firebasehosting.googleapis.com/v1beta1/projects/317631457480/sites/nineteen47onvilakazistreet/versions/19ec37ff52227e8c:populateFiles 200
[debug] [2025-05-17T21:57:41.577Z] <<< [apiv2][body] POST https://firebasehosting.googleapis.com/v1beta1/projects/317631457480/sites/nineteen47onvilakazistreet/versions/19ec37ff52227e8c:populateFiles {"uploadRequiredHashes":["fcac9b00b20f50fd709326192178342d6dfa226045d1699e458a29c2efdff3c5","353453e78cc45d6452a0e0eb45c09ffe61d70ecbd00d1b2f601f28e564ce79c7","a49faebc39a54eae046e690c3831bdbc57382ae29bbe2d09bf790d526a161cd0","740c769eeaa06d302327e07e1e12c0150b0191e19117874ec46d36394c1dd2d8","159bc65cfdbc25eb4d04342d77b0bff729f4b781ce29d17946880f97f3f45889","039ffbba7cad5cb4cf0da0c60a9462310136c1597861406d7436bee899073871","def44dd0a09ce16ba3b136a34fa51a93e7d85333ba99cc242d32a5d883c248c8"],"uploadUrl":"https://upload-firebasehosting.googleapis.com/upload/sites/nineteen47onvilakazistreet/versions/19ec37ff52227e8c/files"}
[debug] [2025-05-17T21:57:41.580Z] Checked if tokens are valid: true, expires at: 1747522418635
[debug] [2025-05-17T21:57:41.580Z] Checked if tokens are valid: true, expires at: 1747522418635
[debug] [2025-05-17T21:57:41.581Z] Checked if tokens are valid: true, expires at: 1747522418635
[debug] [2025-05-17T21:57:41.581Z] Checked if tokens are valid: true, expires at: 1747522418635
[debug] [2025-05-17T21:57:41.582Z] Checked if tokens are valid: true, expires at: 1747522418635
[debug] [2025-05-17T21:57:41.582Z] Checked if tokens are valid: true, expires at: 1747522418635
[debug] [2025-05-17T21:57:41.582Z] Checked if tokens are valid: true, expires at: 1747522418635
[debug] [2025-05-17T21:57:41.582Z] Checked if tokens are valid: true, expires at: 1747522418635
[debug] [2025-05-17T21:57:41.583Z] Checked if tokens are valid: true, expires at: 1747522418635
[debug] [2025-05-17T21:57:41.583Z] Checked if tokens are valid: true, expires at: 1747522418635
[debug] [2025-05-17T21:57:41.583Z] Checked if tokens are valid: true, expires at: 1747522418635
[debug] [2025-05-17T21:57:41.583Z] Checked if tokens are valid: true, expires at: 1747522418635
[debug] [2025-05-17T21:57:41.584Z] Checked if tokens are valid: true, expires at: 1747522418635
[debug] [2025-05-17T21:57:41.584Z] Checked if tokens are valid: true, expires at: 1747522418635
[debug] [2025-05-17T21:57:41.584Z] >>> [apiv2][query] POST https://upload-firebasehosting.googleapis.com/upload/sites/nineteen47onvilakazistreet/versions/19ec37ff52227e8c/files/fcac9b00b20f50fd709326192178342d6dfa226045d1699e458a29c2efdff3c5 [none]
[debug] [2025-05-17T21:57:41.584Z] >>> [apiv2][body] POST https://upload-firebasehosting.googleapis.com/upload/sites/nineteen47onvilakazistreet/versions/19ec37ff52227e8c/files/fcac9b00b20f50fd709326192178342d6dfa226045d1699e458a29c2efdff3c5 [stream]
[debug] [2025-05-17T21:57:41.586Z] >>> [apiv2][query] POST https://upload-firebasehosting.googleapis.com/upload/sites/nineteen47onvilakazistreet/versions/19ec37ff52227e8c/files/353453e78cc45d6452a0e0eb45c09ffe61d70ecbd00d1b2f601f28e564ce79c7 [none]
[debug] [2025-05-17T21:57:41.586Z] >>> [apiv2][body] POST https://upload-firebasehosting.googleapis.com/upload/sites/nineteen47onvilakazistreet/versions/19ec37ff52227e8c/files/353453e78cc45d6452a0e0eb45c09ffe61d70ecbd00d1b2f601f28e564ce79c7 [stream]
[debug] [2025-05-17T21:57:41.588Z] >>> [apiv2][query] POST https://upload-firebasehosting.googleapis.com/upload/sites/nineteen47onvilakazistreet/versions/19ec37ff52227e8c/files/a49faebc39a54eae046e690c3831bdbc57382ae29bbe2d09bf790d526a161cd0 [none]
[debug] [2025-05-17T21:57:41.588Z] >>> [apiv2][body] POST https://upload-firebasehosting.googleapis.com/upload/sites/nineteen47onvilakazistreet/versions/19ec37ff52227e8c/files/a49faebc39a54eae046e690c3831bdbc57382ae29bbe2d09bf790d526a161cd0 [stream]
[debug] [2025-05-17T21:57:41.590Z] >>> [apiv2][query] POST https://upload-firebasehosting.googleapis.com/upload/sites/nineteen47onvilakazistreet/versions/19ec37ff52227e8c/files/740c769eeaa06d302327e07e1e12c0150b0191e19117874ec46d36394c1dd2d8 [none]
[debug] [2025-05-17T21:57:41.590Z] >>> [apiv2][body] POST https://upload-firebasehosting.googleapis.com/upload/sites/nineteen47onvilakazistreet/versions/19ec37ff52227e8c/files/740c769eeaa06d302327e07e1e12c0150b0191e19117874ec46d36394c1dd2d8 [stream]
[debug] [2025-05-17T21:57:41.592Z] >>> [apiv2][query] POST https://upload-firebasehosting.googleapis.com/upload/sites/nineteen47onvilakazistreet/versions/19ec37ff52227e8c/files/159bc65cfdbc25eb4d04342d77b0bff729f4b781ce29d17946880f97f3f45889 [none]
[debug] [2025-05-17T21:57:41.592Z] >>> [apiv2][body] POST https://upload-firebasehosting.googleapis.com/upload/sites/nineteen47onvilakazistreet/versions/19ec37ff52227e8c/files/159bc65cfdbc25eb4d04342d77b0bff729f4b781ce29d17946880f97f3f45889 [stream]
[debug] [2025-05-17T21:57:41.594Z] >>> [apiv2][query] POST https://upload-firebasehosting.googleapis.com/upload/sites/nineteen47onvilakazistreet/versions/19ec37ff52227e8c/files/039ffbba7cad5cb4cf0da0c60a9462310136c1597861406d7436bee899073871 [none]
[debug] [2025-05-17T21:57:41.594Z] >>> [apiv2][body] POST https://upload-firebasehosting.googleapis.com/upload/sites/nineteen47onvilakazistreet/versions/19ec37ff52227e8c/files/039ffbba7cad5cb4cf0da0c60a9462310136c1597861406d7436bee899073871 [stream]
[debug] [2025-05-17T21:57:41.596Z] >>> [apiv2][query] POST https://upload-firebasehosting.googleapis.com/upload/sites/nineteen47onvilakazistreet/versions/19ec37ff52227e8c/files/def44dd0a09ce16ba3b136a34fa51a93e7d85333ba99cc242d32a5d883c248c8 [none]
[debug] [2025-05-17T21:57:41.596Z] >>> [apiv2][body] POST https://upload-firebasehosting.googleapis.com/upload/sites/nineteen47onvilakazistreet/versions/19ec37ff52227e8c/files/def44dd0a09ce16ba3b136a34fa51a93e7d85333ba99cc242d32a5d883c248c8 [stream]
[debug] [2025-05-17T21:57:41.598Z] [hosting][populate queue][FINAL] {"max":2138,"min":2138,"avg":2138,"active":0,"complete":1,"success":1,"errored":0,"retried":0,"total":1,"elapsed":2152}
[debug] [2025-05-17T21:57:41.598Z] [hosting] uploads queued: 7
